# JRE version: Java(TM) SE Runtime Environment (8.0_221-b11) (build 1.8.0_221-b11)
# Java VM: Java HotSpot(TM) 64-Bit Server VM (25.221-b11 mixed mode windows-amd64 compressed oops)
Heap:
 PSYoungGen      total 1296896K, used 1264384K [0x000000076b000000, 0x00000007bfa00000, 0x00000007c0000000)
  eden space 1205760K, 100% used [0x000000076b000000,0x00000007b4980000,0x00000007b4980000)
  from space 91136K, 64% used [0x00000007ba100000,0x00000007bda40000,0x00000007bfa00000)
  to   space 89600K, 60% used [0x00000007b4980000,0x00000007b7ea8000,0x00000007ba100000)
 ParOldGen       total 2785280K, used 2696527K [0x00000006c1000000, 0x000000076b000000, 0x000000076b000000)
  object space 2785280K, 96% used [0x00000006c1000000,0x0000000765953d10,0x000000076b000000)
 Metaspace       used 60865K, capacity 65306K, committed 65496K, reserved 1105920K
  class space    used 8391K, capacity 9138K, committed 9216K, reserved 1048576K
GC Heap History (10 events):
Event: 89.082 GC heap after
Heap after GC invocations=148 (full 13):
 PSYoungGen      total 1286656K, used 58144K [0x000000076b000000, 0x00000007bfa80000, 0x00000007c0000000)
  eden space 1189376K, 0% used [0x000000076b000000,0x000000076b000000,0x00000007b3980000)
  from space 97280K, 59% used [0x00000007b3980000,0x00000007b7248000,0x00000007b9880000)
  to   space 95232K, 0% used [0x00000007b9d80000,0x00000007b9d80000,0x00000007bfa80000)
 ParOldGen       total 2729472K, used 2619335K [0x00000006c1000000, 0x0000000767980000, 0x000000076b000000)
  object space 2729472K, 95% used [0x00000006c1000000,0x0000000760df1d10,0x0000000767980000)
 Metaspace       used 60865K, capacity 65306K, committed 65496K, reserved 1105920K
  class space    used 8391K, capacity 9138K, committed 9216K, reserved 1048576K
}
Event: 89.319 GC heap before
{Heap before GC invocations=149 (full 13):
 PSYoungGen      total 1286656K, used 1247520K [0x000000076b000000, 0x00000007bfa80000, 0x00000007c0000000)
  eden space 1189376K, 100% used [0x000000076b000000,0x00000007b3980000,0x00000007b3980000)
  from space 97280K, 59% used [0x00000007b3980000,0x00000007b7248000,0x00000007b9880000)
  to   space 95232K, 0% used [0x00000007b9d80000,0x00000007b9d80000,0x00000007bfa80000)
 ParOldGen       total 2729472K, used 2619335K [0x00000006c1000000, 0x0000000767980000, 0x000000076b000000)
  object space 2729472K, 95% used [0x00000006c1000000,0x0000000760df1d10,0x0000000767980000)
 Metaspace       used 60865K, capacity 65306K, committed 65496K, reserved 1105920K
  class space    used 8391K, capacity 9138K, committed 9216K, reserved 1048576K
Event: 89.658 GC heap after
Heap after GC invocations=149 (full 13):
 PSYoungGen      total 1293312K, used 58304K [0x000000076b000000, 0x00000007bfb00000, 0x00000007c0000000)
  eden space 1198080K, 0% used [0x000000076b000000,0x000000076b000000,0x00000007b4200000)
  from space 95232K, 61% used [0x00000007b9d80000,0x00000007bd670000,0x00000007bfa80000)
  to   space 93696K, 0% used [0x00000007b4200000,0x00000007b4200000,0x00000007b9d80000)
 ParOldGen       total 2729472K, used 2638687K [0x00000006c1000000, 0x0000000767980000, 0x000000076b000000)
  object space 2729472K, 96% used [0x00000006c1000000,0x00000007620d7d10,0x0000000767980000)
 Metaspace       used 60865K, capacity 65306K, committed 65496K, reserved 1105920K
  class space    used 8391K, capacity 9138K, committed 9216K, reserved 1048576K
}
Event: 89.932 GC heap before
{Heap before GC invocations=150 (full 13):
 PSYoungGen      total 1293312K, used 1256384K [0x000000076b000000, 0x00000007bfb00000, 0x00000007c0000000)
  eden space 1198080K, 100% used [0x000000076b000000,0x00000007b4200000,0x00000007b4200000)
  from space 95232K, 61% used [0x00000007b9d80000,0x00000007bd670000,0x00000007bfa80000)
  to   space 93696K, 0% used [0x00000007b4200000,0x00000007b4200000,0x00000007b9d80000)
 ParOldGen       total 2729472K, used 2638687K [0x00000006c1000000, 0x0000000767980000, 0x000000076b000000)
  object space 2729472K, 96% used [0x00000006c1000000,0x00000007620d7d10,0x0000000767980000)
 Metaspace       used 60865K, capacity 65306K, committed 65496K, reserved 1105920K
  class space    used 8391K, capacity 9138K, committed 9216K, reserved 1048576K
Event: 90.263 GC heap after
Heap after GC invocations=150 (full 13):
 PSYoungGen      total 1291776K, used 58624K [0x000000076b000000, 0x00000007bfa80000, 0x00000007c0000000)
  eden space 1198080K, 0% used [0x000000076b000000,0x000000076b000000,0x00000007b4200000)
  from space 93696K, 62% used [0x00000007b4200000,0x00000007b7b40000,0x00000007b9d80000)
  to   space 91648K, 0% used [0x00000007ba100000,0x00000007ba100000,0x00000007bfa80000)
 ParOldGen       total 2729472K, used 2658015K [0x00000006c1000000, 0x0000000767980000, 0x000000076b000000)
  object space 2729472K, 97% used [0x00000006c1000000,0x00000007633b7d10,0x0000000767980000)
 Metaspace       used 60865K, capacity 65306K, committed 65496K, reserved 1105920K
  class space    used 8391K, capacity 9138K, committed 9216K, reserved 1048576K
}
Event: 90.533 GC heap before
{Heap before GC invocations=151 (full 13):
 PSYoungGen      total 1291776K, used 1256704K [0x000000076b000000, 0x00000007bfa80000, 0x00000007c0000000)
  eden space 1198080K, 100% used [0x000000076b000000,0x00000007b4200000,0x00000007b4200000)
  from space 93696K, 62% used [0x00000007b4200000,0x00000007b7b40000,0x00000007b9d80000)
  to   space 91648K, 0% used [0x00000007ba100000,0x00000007ba100000,0x00000007bfa80000)
 ParOldGen       total 2729472K, used 2658015K [0x00000006c1000000, 0x0000000767980000, 0x000000076b000000)
  object space 2729472K, 97% used [0x00000006c1000000,0x00000007633b7d10,0x0000000767980000)
 Metaspace       used 60865K, capacity 65306K, committed 65496K, reserved 1105920K
  class space    used 8391K, capacity 9138K, committed 9216K, reserved 1048576K
Event: 90.811 GC heap after
Heap after GC invocations=151 (full 13):
 PSYoungGen      total 1296896K, used 58624K [0x000000076b000000, 0x00000007bfa00000, 0x00000007c0000000)
  eden space 1205760K, 0% used [0x000000076b000000,0x000000076b000000,0x00000007b4980000)
  from space 91136K, 64% used [0x00000007ba100000,0x00000007bda40000,0x00000007bfa00000)
  to   space 89600K, 0% used [0x00000007b4980000,0x00000007b4980000,0x00000007ba100000)
 ParOldGen       total 2729472K, used 2677575K [0x00000006c1000000, 0x0000000767980000, 0x000000076b000000)
  object space 2729472K, 98% used [0x00000006c1000000,0x00000007646d1d10,0x0000000767980000)
 Metaspace       used 60865K, capacity 65306K, committed 65496K, reserved 1105920K
  class space    used 8391K, capacity 9138K, committed 9216K, reserved 1048576K
}
Event: 91.074 GC heap before
{Heap before GC invocations=152 (full 13):
 PSYoungGen      total 1296896K, used 1264384K [0x000000076b000000, 0x00000007bfa00000, 0x00000007c0000000)
  eden space 1205760K, 100% used [0x000000076b000000,0x00000007b4980000,0x00000007b4980000)
  from space 91136K, 64% used [0x00000007ba100000,0x00000007bda40000,0x00000007bfa00000)
  to   space 89600K, 0% used [0x00000007b4980000,0x00000007b4980000,0x00000007ba100000)
 ParOldGen       total 2729472K, used 2677575K [0x00000006c1000000, 0x0000000767980000, 0x000000076b000000)
  object space 2729472K, 98% used [0x00000006c1000000,0x00000007646d1d10,0x0000000767980000)
 Metaspace       used 60865K, capacity 65306K, committed 65496K, reserved 1105920K
  class space    used 8391K, capacity 9138K, committed 9216K, reserved 1048576K
Event: 91.506 GC heap after
Heap after GC invocations=152 (full 13):
 PSYoungGen      total 1296896K, used 1264384K [0x000000076b000000, 0x00000007bfa00000, 0x00000007c0000000)
  eden space 1205760K, 100% used [0x000000076b000000,0x00000007b4980000,0x00000007b4980000)
  from space 91136K, 64% used [0x00000007ba100000,0x00000007bda40000,0x00000007bfa00000)
  to   space 89600K, 60% used [0x00000007b4980000,0x00000007b7ea8000,0x00000007ba100000)
 ParOldGen       total 2785280K, used 2696527K [0x00000006c1000000, 0x000000076b000000, 0x000000076b000000)
  object space 2785280K, 96% used [0x00000006c1000000,0x0000000765953d10,0x000000076b000000)
 Metaspace       used 60865K, capacity 65306K, committed 65496K, reserved 1105920K
  class space    used 8391K, capacity 9138K, committed 9216K, reserved 1048576K
}
Event: 91.506 GC heap before
{Heap before GC invocations=153 (full 14):
 PSYoungGen      total 1296896K, used 1264384K [0x000000076b000000, 0x00000007bfa00000, 0x00000007c0000000)
  eden space 1205760K, 100% used [0x000000076b000000,0x00000007b4980000,0x00000007b4980000)
  from space 91136K, 64% used [0x00000007ba100000,0x00000007bda40000,0x00000007bfa00000)
  to   space 89600K, 60% used [0x00000007b4980000,0x00000007b7ea8000,0x00000007ba100000)
 ParOldGen       total 2785280K, used 2696527K [0x00000006c1000000, 0x000000076b000000, 0x000000076b000000)
  object space 2785280K, 96% used [0x00000006c1000000,0x0000000765953d10,0x000000076b000000)
 Metaspace       used 60865K, capacity 65306K, committed 65496K, reserved 1105920K
  class space    used 8391K, capacity 9138K, committed 9216K, reserved 1048576K

