# JRE version: Java(TM) SE Runtime Environment (8.0_221-b11) (build 1.8.0_221-b11)
# Java VM: Java HotSpot(TM) 64-Bit Server VM (25.221-b11 mixed mode windows-amd64 compressed oops)
Heap:
 PSYoungGen      total 1266688K, used 1143808K [0x000000076b000000, 0x00000007c0000000, 0x00000007c0000000)
  eden space 1143808K, 100% used [0x000000076b000000,0x00000007b0d00000,0x00000007b0d00000)
  from space 122880K, 0% used [0x00000007b8800000,0x00000007b8800000,0x00000007c0000000)
  to   space 124416K, 0% used [0x00000007b0d00000,0x00000007b0d00000,0x00000007b8680000)
 ParOldGen       total 2785280K, used 2750438K [0x00000006c1000000, 0x000000076b000000, 0x000000076b000000)
  object space 2785280K, 98% used [0x00000006c1000000,0x0000000768df9820,0x000000076b000000)
 Metaspace       used 60214K, capacity 65330K, committed 65536K, reserved 1105920K
  class space    used 8503K, capacity 9350K, committed 9472K, reserved 1048576K
GC Heap History (10 events):
Event: 452.081 GC heap after
Heap after GC invocations=198 (full 67):
 PSYoungGen      total 1266688K, used 800939K [0x000000076b000000, 0x00000007c0000000, 0x00000007c0000000)
  eden space 1143808K, 70% used [0x000000076b000000,0x000000079be2ad08,0x00000007b0d00000)
  from space 122880K, 0% used [0x00000007b8800000,0x00000007b8800000,0x00000007c0000000)
  to   space 124416K, 0% used [0x00000007b0d00000,0x00000007b0d00000,0x00000007b8680000)
 ParOldGen       total 2785280K, used 2750438K [0x00000006c1000000, 0x000000076b000000, 0x000000076b000000)
  object space 2785280K, 98% used [0x00000006c1000000,0x0000000768df9820,0x000000076b000000)
 Metaspace       used 60205K, capacity 65330K, committed 65536K, reserved 1105920K
  class space    used 8503K, capacity 9350K, committed 9472K, reserved 1048576K
}
Event: 452.154 GC heap before
{Heap before GC invocations=199 (full 68):
 PSYoungGen      total 1266688K, used 1143808K [0x000000076b000000, 0x00000007c0000000, 0x00000007c0000000)
  eden space 1143808K, 100% used [0x000000076b000000,0x00000007b0d00000,0x00000007b0d00000)
  from space 122880K, 0% used [0x00000007b8800000,0x00000007b8800000,0x00000007c0000000)
  to   space 124416K, 0% used [0x00000007b0d00000,0x00000007b0d00000,0x00000007b8680000)
 ParOldGen       total 2785280K, used 2750438K [0x00000006c1000000, 0x000000076b000000, 0x000000076b000000)
  object space 2785280K, 98% used [0x00000006c1000000,0x0000000768df9820,0x000000076b000000)
 Metaspace       used 60205K, capacity 65330K, committed 65536K, reserved 1105920K
  class space    used 8503K, capacity 9350K, committed 9472K, reserved 1048576K
Event: 458.805 GC heap after
Heap after GC invocations=199 (full 68):
 PSYoungGen      total 1266688K, used 806543K [0x000000076b000000, 0x00000007c0000000, 0x00000007c0000000)
  eden space 1143808K, 70% used [0x000000076b000000,0x000000079c3a3ee0,0x00000007b0d00000)
  from space 122880K, 0% used [0x00000007b8800000,0x00000007b8800000,0x00000007c0000000)
  to   space 124416K, 0% used [0x00000007b0d00000,0x00000007b0d00000,0x00000007b8680000)
 ParOldGen       total 2785280K, used 2750438K [0x00000006c1000000, 0x000000076b000000, 0x000000076b000000)
  object space 2785280K, 98% used [0x00000006c1000000,0x0000000768df9820,0x000000076b000000)
 Metaspace       used 60205K, capacity 65330K, committed 65536K, reserved 1105920K
  class space    used 8503K, capacity 9350K, committed 9472K, reserved 1048576K
}
Event: 458.874 GC heap before
{Heap before GC invocations=200 (full 69):
 PSYoungGen      total 1266688K, used 1143808K [0x000000076b000000, 0x00000007c0000000, 0x00000007c0000000)
  eden space 1143808K, 100% used [0x000000076b000000,0x00000007b0d00000,0x00000007b0d00000)
  from space 122880K, 0% used [0x00000007b8800000,0x00000007b8800000,0x00000007c0000000)
  to   space 124416K, 0% used [0x00000007b0d00000,0x00000007b0d00000,0x00000007b8680000)
 ParOldGen       total 2785280K, used 2750438K [0x00000006c1000000, 0x000000076b000000, 0x000000076b000000)
  object space 2785280K, 98% used [0x00000006c1000000,0x0000000768df9820,0x000000076b000000)
 Metaspace       used 60205K, capacity 65330K, committed 65536K, reserved 1105920K
  class space    used 8503K, capacity 9350K, committed 9472K, reserved 1048576K
Event: 465.524 GC heap after
Heap after GC invocations=200 (full 69):
 PSYoungGen      total 1266688K, used 812046K [0x000000076b000000, 0x00000007c0000000, 0x00000007c0000000)
  eden space 1143808K, 70% used [0x000000076b000000,0x000000079c9038d8,0x00000007b0d00000)
  from space 122880K, 0% used [0x00000007b8800000,0x00000007b8800000,0x00000007c0000000)
  to   space 124416K, 0% used [0x00000007b0d00000,0x00000007b0d00000,0x00000007b8680000)
 ParOldGen       total 2785280K, used 2750438K [0x00000006c1000000, 0x000000076b000000, 0x000000076b000000)
  object space 2785280K, 98% used [0x00000006c1000000,0x0000000768df9820,0x000000076b000000)
 Metaspace       used 60205K, capacity 65330K, committed 65536K, reserved 1105920K
  class space    used 8503K, capacity 9350K, committed 9472K, reserved 1048576K
}
Event: 465.593 GC heap before
{Heap before GC invocations=201 (full 70):
 PSYoungGen      total 1266688K, used 1143808K [0x000000076b000000, 0x00000007c0000000, 0x00000007c0000000)
  eden space 1143808K, 100% used [0x000000076b000000,0x00000007b0d00000,0x00000007b0d00000)
  from space 122880K, 0% used [0x00000007b8800000,0x00000007b8800000,0x00000007c0000000)
  to   space 124416K, 0% used [0x00000007b0d00000,0x00000007b0d00000,0x00000007b8680000)
 ParOldGen       total 2785280K, used 2750438K [0x00000006c1000000, 0x000000076b000000, 0x000000076b000000)
  object space 2785280K, 98% used [0x00000006c1000000,0x0000000768df9820,0x000000076b000000)
 Metaspace       used 60205K, capacity 65330K, committed 65536K, reserved 1105920K
  class space    used 8503K, capacity 9350K, committed 9472K, reserved 1048576K
Event: 472.271 GC heap after
Heap after GC invocations=201 (full 70):
 PSYoungGen      total 1266688K, used 817494K [0x000000076b000000, 0x00000007c0000000, 0x00000007c0000000)
  eden space 1143808K, 71% used [0x000000076b000000,0x000000079ce55b18,0x00000007b0d00000)
  from space 122880K, 0% used [0x00000007b8800000,0x00000007b8800000,0x00000007c0000000)
  to   space 124416K, 0% used [0x00000007b0d00000,0x00000007b0d00000,0x00000007b8680000)
 ParOldGen       total 2785280K, used 2750438K [0x00000006c1000000, 0x000000076b000000, 0x000000076b000000)
  object space 2785280K, 98% used [0x00000006c1000000,0x0000000768df9820,0x000000076b000000)
 Metaspace       used 60205K, capacity 65330K, committed 65536K, reserved 1105920K
  class space    used 8503K, capacity 9350K, committed 9472K, reserved 1048576K
}
Event: 472.353 GC heap before
{Heap before GC invocations=202 (full 71):
 PSYoungGen      total 1266688K, used 1143808K [0x000000076b000000, 0x00000007c0000000, 0x00000007c0000000)
  eden space 1143808K, 100% used [0x000000076b000000,0x00000007b0d00000,0x00000007b0d00000)
  from space 122880K, 0% used [0x00000007b8800000,0x00000007b8800000,0x00000007c0000000)
  to   space 124416K, 0% used [0x00000007b0d00000,0x00000007b0d00000,0x00000007b8680000)
 ParOldGen       total 2785280K, used 2750438K [0x00000006c1000000, 0x000000076b000000, 0x000000076b000000)
  object space 2785280K, 98% used [0x00000006c1000000,0x0000000768df9820,0x000000076b000000)
 Metaspace       used 60214K, capacity 65330K, committed 65536K, reserved 1105920K
  class space    used 8503K, capacity 9350K, committed 9472K, reserved 1048576K
Event: 479.031 GC heap after
Heap after GC invocations=202 (full 71):
 PSYoungGen      total 1266688K, used 822852K [0x000000076b000000, 0x00000007c0000000, 0x00000007c0000000)
  eden space 1143808K, 71% used [0x000000076b000000,0x000000079d3911a0,0x00000007b0d00000)
  from space 122880K, 0% used [0x00000007b8800000,0x00000007b8800000,0x00000007c0000000)
  to   space 124416K, 0% used [0x00000007b0d00000,0x00000007b0d00000,0x00000007b8680000)
 ParOldGen       total 2785280K, used 2750438K [0x00000006c1000000, 0x000000076b000000, 0x000000076b000000)
  object space 2785280K, 98% used [0x00000006c1000000,0x0000000768df9820,0x000000076b000000)
 Metaspace       used 60214K, capacity 65330K, committed 65536K, reserved 1105920K
  class space    used 8503K, capacity 9350K, committed 9472K, reserved 1048576K
}
Event: 479.097 GC heap before
{Heap before GC invocations=203 (full 72):
 PSYoungGen      total 1266688K, used 1143808K [0x000000076b000000, 0x00000007c0000000, 0x00000007c0000000)
  eden space 1143808K, 100% used [0x000000076b000000,0x00000007b0d00000,0x00000007b0d00000)
  from space 122880K, 0% used [0x00000007b8800000,0x00000007b8800000,0x00000007c0000000)
  to   space 124416K, 0% used [0x00000007b0d00000,0x00000007b0d00000,0x00000007b8680000)
 ParOldGen       total 2785280K, used 2750438K [0x00000006c1000000, 0x000000076b000000, 0x000000076b000000)
  object space 2785280K, 98% used [0x00000006c1000000,0x0000000768df9820,0x000000076b000000)
 Metaspace       used 60214K, capacity 65330K, committed 65536K, reserved 1105920K
  class space    used 8503K, capacity 9350K, committed 9472K, reserved 1048576K

