# JRE version: Java(TM) SE Runtime Environment (8.0_221-b11) (build 1.8.0_221-b11)
# Java VM: Java HotSpot(TM) 64-Bit Server VM (25.221-b11 mixed mode windows-amd64 compressed oops)
Heap:
 PSYoungGen      total 1239040K, used 1107456K [0x000000076b000000, 0x00000007bf200000, 0x00000007c0000000)
  eden space 1107456K, 100% used [0x000000076b000000,0x00000007ae980000,0x00000007ae980000)
  from space 131584K, 0% used [0x00000007ae980000,0x00000007ae980000,0x00000007b6a00000)
  to   space 123904K, 0% used [0x00000007b7900000,0x00000007b7900000,0x00000007bf200000)
 ParOldGen       total 2785280K, used 2785273K [0x00000006c1000000, 0x000000076b000000, 0x000000076b000000)
  object space 2785280K, 99% used [0x00000006c1000000,0x000000076affe418,0x000000076b000000)
 Metaspace       used 60841K, capacity 65306K, committed 65496K, reserved 1105920K
  class space    used 8392K, capacity 9138K, committed 9216K, reserved 1048576K
GC Heap History (10 events):
Event: 88.142 GC heap after
Heap after GC invocations=146 (full 15):
 PSYoungGen      total 1239040K, used 14792K [0x000000076b000000, 0x00000007bf200000, 0x00000007c0000000)
  eden space 1107456K, 1% used [0x000000076b000000,0x000000076be72360,0x00000007ae980000)
  from space 131584K, 0% used [0x00000007ae980000,0x00000007ae980000,0x00000007b6a00000)
  to   space 123904K, 0% used [0x00000007b7900000,0x00000007b7900000,0x00000007bf200000)
 ParOldGen       total 2785280K, used 2785273K [0x00000006c1000000, 0x000000076b000000, 0x000000076b000000)
  object space 2785280K, 99% used [0x00000006c1000000,0x000000076affe4b0,0x000000076b000000)
 Metaspace       used 60840K, capacity 65306K, committed 65496K, reserved 1105920K
  class space    used 8392K, capacity 9138K, committed 9216K, reserved 1048576K
}
Event: 88.322 GC heap before
{Heap before GC invocations=147 (full 16):
 PSYoungGen      total 1239040K, used 1107456K [0x000000076b000000, 0x00000007bf200000, 0x00000007c0000000)
  eden space 1107456K, 100% used [0x000000076b000000,0x00000007ae980000,0x00000007ae980000)
  from space 131584K, 0% used [0x00000007ae980000,0x00000007ae980000,0x00000007b6a00000)
  to   space 123904K, 0% used [0x00000007b7900000,0x00000007b7900000,0x00000007bf200000)
 ParOldGen       total 2785280K, used 2785273K [0x00000006c1000000, 0x000000076b000000, 0x000000076b000000)
  object space 2785280K, 99% used [0x00000006c1000000,0x000000076affe4b0,0x000000076b000000)
 Metaspace       used 60841K, capacity 65306K, committed 65496K, reserved 1105920K
  class space    used 8392K, capacity 9138K, committed 9216K, reserved 1048576K
Event: 91.438 GC heap after
Heap after GC invocations=147 (full 16):
 PSYoungGen      total 1239040K, used 32651K [0x000000076b000000, 0x00000007bf200000, 0x00000007c0000000)
  eden space 1107456K, 2% used [0x000000076b000000,0x000000076cfe2dd8,0x00000007ae980000)
  from space 131584K, 0% used [0x00000007ae980000,0x00000007ae980000,0x00000007b6a00000)
  to   space 123904K, 0% used [0x00000007b7900000,0x00000007b7900000,0x00000007bf200000)
 ParOldGen       total 2785280K, used 2785273K [0x00000006c1000000, 0x000000076b000000, 0x000000076b000000)
  object space 2785280K, 99% used [0x00000006c1000000,0x000000076affe438,0x000000076b000000)
 Metaspace       used 60841K, capacity 65306K, committed 65496K, reserved 1105920K
  class space    used 8392K, capacity 9138K, committed 9216K, reserved 1048576K
}
Event: 91.607 GC heap before
{Heap before GC invocations=148 (full 17):
 PSYoungGen      total 1239040K, used 1107456K [0x000000076b000000, 0x00000007bf200000, 0x00000007c0000000)
  eden space 1107456K, 100% used [0x000000076b000000,0x00000007ae980000,0x00000007ae980000)
  from space 131584K, 0% used [0x00000007ae980000,0x00000007ae980000,0x00000007b6a00000)
  to   space 123904K, 0% used [0x00000007b7900000,0x00000007b7900000,0x00000007bf200000)
 ParOldGen       total 2785280K, used 2785273K [0x00000006c1000000, 0x000000076b000000, 0x000000076b000000)
  object space 2785280K, 99% used [0x00000006c1000000,0x000000076affe438,0x000000076b000000)
 Metaspace       used 60841K, capacity 65306K, committed 65496K, reserved 1105920K
  class space    used 8392K, capacity 9138K, committed 9216K, reserved 1048576K
Event: 94.920 GC heap after
Heap after GC invocations=148 (full 17):
 PSYoungGen      total 1239040K, used 50201K [0x000000076b000000, 0x00000007bf200000, 0x00000007c0000000)
  eden space 1107456K, 4% used [0x000000076b000000,0x000000076e106638,0x00000007ae980000)
  from space 131584K, 0% used [0x00000007ae980000,0x00000007ae980000,0x00000007b6a00000)
  to   space 123904K, 0% used [0x00000007b7900000,0x00000007b7900000,0x00000007bf200000)
 ParOldGen       total 2785280K, used 2785273K [0x00000006c1000000, 0x000000076b000000, 0x000000076b000000)
  object space 2785280K, 99% used [0x00000006c1000000,0x000000076affe438,0x000000076b000000)
 Metaspace       used 60841K, capacity 65306K, committed 65496K, reserved 1105920K
  class space    used 8392K, capacity 9138K, committed 9216K, reserved 1048576K
}
Event: 95.110 GC heap before
{Heap before GC invocations=149 (full 18):
 PSYoungGen      total 1239040K, used 1107456K [0x000000076b000000, 0x00000007bf200000, 0x00000007c0000000)
  eden space 1107456K, 100% used [0x000000076b000000,0x00000007ae980000,0x00000007ae980000)
  from space 131584K, 0% used [0x00000007ae980000,0x00000007ae980000,0x00000007b6a00000)
  to   space 123904K, 0% used [0x00000007b7900000,0x00000007b7900000,0x00000007bf200000)
 ParOldGen       total 2785280K, used 2785273K [0x00000006c1000000, 0x000000076b000000, 0x000000076b000000)
  object space 2785280K, 99% used [0x00000006c1000000,0x000000076affe438,0x000000076b000000)
 Metaspace       used 60841K, capacity 65306K, committed 65496K, reserved 1105920K
  class space    used 8392K, capacity 9138K, committed 9216K, reserved 1048576K
Event: 98.275 GC heap after
Heap after GC invocations=149 (full 18):
 PSYoungGen      total 1239040K, used 67495K [0x000000076b000000, 0x00000007bf200000, 0x00000007c0000000)
  eden space 1107456K, 6% used [0x000000076b000000,0x000000076f1e9c40,0x00000007ae980000)
  from space 131584K, 0% used [0x00000007ae980000,0x00000007ae980000,0x00000007b6a00000)
  to   space 123904K, 0% used [0x00000007b7900000,0x00000007b7900000,0x00000007bf200000)
 ParOldGen       total 2785280K, used 2785273K [0x00000006c1000000, 0x000000076b000000, 0x000000076b000000)
  object space 2785280K, 99% used [0x00000006c1000000,0x000000076affe438,0x000000076b000000)
 Metaspace       used 60841K, capacity 65306K, committed 65496K, reserved 1105920K
  class space    used 8392K, capacity 9138K, committed 9216K, reserved 1048576K
}
Event: 98.443 GC heap before
{Heap before GC invocations=150 (full 19):
 PSYoungGen      total 1239040K, used 1107456K [0x000000076b000000, 0x00000007bf200000, 0x00000007c0000000)
  eden space 1107456K, 100% used [0x000000076b000000,0x00000007ae980000,0x00000007ae980000)
  from space 131584K, 0% used [0x00000007ae980000,0x00000007ae980000,0x00000007b6a00000)
  to   space 123904K, 0% used [0x00000007b7900000,0x00000007b7900000,0x00000007bf200000)
 ParOldGen       total 2785280K, used 2785273K [0x00000006c1000000, 0x000000076b000000, 0x000000076b000000)
  object space 2785280K, 99% used [0x00000006c1000000,0x000000076affe438,0x000000076b000000)
 Metaspace       used 60841K, capacity 65306K, committed 65496K, reserved 1105920K
  class space    used 8392K, capacity 9138K, committed 9216K, reserved 1048576K
Event: 103.138 GC heap after
Heap after GC invocations=150 (full 19):
 PSYoungGen      total 1239040K, used 84492K [0x000000076b000000, 0x00000007bf200000, 0x00000007c0000000)
  eden space 1107456K, 7% used [0x000000076b000000,0x0000000770283258,0x00000007ae980000)
  from space 131584K, 0% used [0x00000007ae980000,0x00000007ae980000,0x00000007b6a00000)
  to   space 123904K, 0% used [0x00000007b7900000,0x00000007b7900000,0x00000007bf200000)
 ParOldGen       total 2785280K, used 2785273K [0x00000006c1000000, 0x000000076b000000, 0x000000076b000000)
  object space 2785280K, 99% used [0x00000006c1000000,0x000000076affe418,0x000000076b000000)
 Metaspace       used 60841K, capacity 65306K, committed 65496K, reserved 1105920K
  class space    used 8392K, capacity 9138K, committed 9216K, reserved 1048576K
}
Event: 103.283 GC heap before
{Heap before GC invocations=151 (full 20):
 PSYoungGen      total 1239040K, used 1107456K [0x000000076b000000, 0x00000007bf200000, 0x00000007c0000000)
  eden space 1107456K, 100% used [0x000000076b000000,0x00000007ae980000,0x00000007ae980000)
  from space 131584K, 0% used [0x00000007ae980000,0x00000007ae980000,0x00000007b6a00000)
  to   space 123904K, 0% used [0x00000007b7900000,0x00000007b7900000,0x00000007bf200000)
 ParOldGen       total 2785280K, used 2785273K [0x00000006c1000000, 0x000000076b000000, 0x000000076b000000)
  object space 2785280K, 99% used [0x00000006c1000000,0x000000076affe418,0x000000076b000000)
 Metaspace       used 60841K, capacity 65306K, committed 65496K, reserved 1105920K
  class space    used 8392K, capacity 9138K, committed 9216K, reserved 1048576K

